<?xml version="1.0" encoding="UTF-8"?>
<!-- Generated by org.testng.reporters.JUnitReportReporter -->
<testsuite hostname="Sagar-PC" failures="0" tests="1" name="HotelBooking.test3" time="24.029" errors="0" timestamp="11 Jun 2021 13:43:02 GMT" skipped="0">
  <testcase classname="HotelBooking.test3" name="hometest" time="24.029"/>
</testsuite> <!-- HotelBooking.test3 -->
