<?xml version="1.0" encoding="UTF-8"?>
<!-- Generated by org.testng.reporters.JUnitReportReporter -->
<testsuite hostname="Sagar-PC" failures="0" tests="1" name="HotelBooking.test2" time="18.450" errors="0" timestamp="11 Jun 2021 13:43:03 GMT" skipped="0">
  <testcase classname="HotelBooking.test2" name="hometest" time="18.450"/>
</testsuite> <!-- HotelBooking.test2 -->
