<?xml version="1.0" encoding="UTF-8"?>
<!-- Generated by org.testng.reporters.JUnitReportReporter -->
<testsuite hostname="Sagar-PC" failures="0" tests="1" name="Test.HotelBooking.test2" time="13.287" errors="0" timestamp="04 Jun 2021 12:26:48 GMT" skipped="0">
  <testcase classname="Test.HotelBooking.test2" name="hometest" time="13.287"/>
</testsuite> <!-- Test.HotelBooking.test2 -->
