<?xml version="1.0" encoding="UTF-8"?>
<!-- Generated by org.testng.reporters.JUnitReportReporter -->
<testsuite hostname="Sagar-PC" failures="0" tests="1" name="HotelBooking.booking" time="26.280" errors="0" timestamp="19 Jun 2021 12:35:21 GMT" skipped="0">
  <testcase classname="HotelBooking.booking" name="homepage" time="26.280"/>
</testsuite> <!-- HotelBooking.booking -->
